2023-03-02T12:07:57.268+05:30  INFO 21344 --- [RMI TCP Connection(2)-127.0.0.1] inMXBeanRegistrar$SpringApplicationAdmin : Application shutdown requested.
2023-03-02T12:07:57.278+05:30  INFO 21344 --- [RMI TCP Connection(2)-127.0.0.1] o.apache.catalina.core.StandardService   : Stopping service [Tomcat]
2023-03-02T12:07:58.931+05:30  INFO 45344 --- [main] c.e.demo.UserCrudeOpratioApplication     : Starting UserCrudeOpratioApplication using Java 17.0.6 with PID 45344 (C:\EclipAlolproject\UserCrudeOpratio\UserCrudeOpratio\target\classes started by nexwa in C:\EclipAlolproject\UserCrudeOpratio\UserCrudeOpratio)
2023-03-02T12:07:58.933+05:30  INFO 45344 --- [main] c.e.demo.UserCrudeOpratioApplication     : No active profile set, falling back to 1 default profile: "default"
2023-03-02T12:07:59.335+05:30  INFO 45344 --- [main] .s.d.r.c.RepositoryConfigurationDelegate : Bootstrapping Spring Data MongoDB repositories in DEFAULT mode.
2023-03-02T12:07:59.380+05:30  INFO 45344 --- [main] .s.d.r.c.RepositoryConfigurationDelegate : Finished Spring Data repository scanning in 42 ms. Found 1 MongoDB repository interfaces.
2023-03-02T12:07:59.659+05:30  INFO 45344 --- [main] o.s.b.w.embedded.tomcat.TomcatWebServer  : Tomcat initialized with port(s): 8081 (http)
2023-03-02T12:07:59.669+05:30  INFO 45344 --- [main] o.apache.catalina.core.StandardService   : Starting service [Tomcat]
2023-03-02T12:07:59.670+05:30  INFO 45344 --- [main] o.apache.catalina.core.StandardEngine    : Starting Servlet engine: [Apache Tomcat/10.1.4]
2023-03-02T12:07:59.735+05:30  INFO 45344 --- [main] o.a.c.c.C.[Tomcat].[localhost].[/]       : Initializing Spring embedded WebApplicationContext
2023-03-02T12:07:59.736+05:30  INFO 45344 --- [main] w.s.c.ServletWebServerApplicationContext : Root WebApplicationContext: initialization completed in 768 ms
2023-03-02T12:07:59.864+05:30  INFO 45344 --- [main] org.mongodb.driver.client                : MongoClient with metadata {"driver": {"name": "mongo-java-driver|sync|spring-boot", "version": "4.8.1"}, "os": {"type": "Windows", "name": "Windows 11", "architecture": "amd64", "version": "10.0"}, "platform": "Java/Eclipse Adoptium/17.0.6+10"} created with settings MongoClientSettings{readPreference=primary, writeConcern=WriteConcern{w=null, wTimeout=null ms, journal=null}, retryWrites=true, retryReads=true, readConcern=ReadConcern{level=null}, credential=null, streamFactoryFactory=null, commandListeners=[], codecRegistry=ProvidersCodecRegistry{codecProviders=[ValueCodecProvider{}, BsonValueCodecProvider{}, DBRefCodecProvider{}, DBObjectCodecProvider{}, DocumentCodecProvider{}, CollectionCodecProvider{}, IterableCodecProvider{}, MapCodecProvider{}, GeoJsonCodecProvider{}, GridFSFileCodecProvider{}, Jsr310CodecProvider{}, JsonObjectCodecProvider{}, BsonCodecProvider{}, EnumCodecProvider{}, com.mongodb.Jep395RecordCodecProvider@25f61c2c]}, clusterSettings={hosts=[localhost:27017], srvServiceName=mongodb, mode=SINGLE, requiredClusterType=UNKNOWN, requiredReplicaSetName='null', serverSelector='null', clusterListeners='[]', serverSelectionTimeout='30000 ms', localThreshold='30000 ms'}, socketSettings=SocketSettings{connectTimeoutMS=10000, readTimeoutMS=0, receiveBufferSize=0, sendBufferSize=0}, heartbeatSocketSettings=SocketSettings{connectTimeoutMS=10000, readTimeoutMS=10000, receiveBufferSize=0, sendBufferSize=0}, connectionPoolSettings=ConnectionPoolSettings{maxSize=100, minSize=0, maxWaitTimeMS=120000, maxConnectionLifeTimeMS=0, maxConnectionIdleTimeMS=0, maintenanceInitialDelayMS=0, maintenanceFrequencyMS=60000, connectionPoolListeners=[], maxConnecting=2}, serverSettings=ServerSettings{heartbeatFrequencyMS=10000, minHeartbeatFrequencyMS=500, serverListeners='[]', serverMonitorListeners='[]'}, sslSettings=SslSettings{enabled=false, invalidHostNameAllowed=false, context=null}, applicationName='null', compressorList=[], uuidRepresentation=JAVA_LEGACY, serverApi=null, autoEncryptionSettings=null, contextProvider=null}
2023-03-02T12:07:59.875+05:30  INFO 45344 --- [cluster-ClusterId{value='640044477a039e36d9041d0e', description='null'}-localhost:27017] org.mongodb.driver.cluster               : Monitor thread successfully connected to server with description ServerDescription{address=localhost:27017, type=STANDALONE, state=CONNECTED, ok=true, minWireVersion=0, maxWireVersion=17, maxDocumentSize=16777216, logicalSessionTimeoutMinutes=30, roundTripTimeNanos=16578900}
2023-03-02T12:08:00.308+05:30  INFO 45344 --- [main] o.s.b.w.embedded.tomcat.TomcatWebServer  : Tomcat started on port(s): 8081 (http) with context path ''
2023-03-02T12:08:00.317+05:30  INFO 45344 --- [main] c.e.demo.UserCrudeOpratioApplication     : Started UserCrudeOpratioApplication in 1.719 seconds (process running for 2.185)
2023-03-02T12:12:57.159+05:30  INFO 45344 --- [RMI TCP Connection(7)-127.0.0.1] inMXBeanRegistrar$SpringApplicationAdmin : Application shutdown requested.
2023-03-02T12:12:57.167+05:30  INFO 45344 --- [RMI TCP Connection(7)-127.0.0.1] o.apache.catalina.core.StandardService   : Stopping service [Tomcat]
2023-03-02T12:13:09.035+05:30  INFO 21804 --- [main] c.e.demo.UserCrudeOpratioApplication     : Starting UserCrudeOpratioApplication using Java 17.0.6 with PID 21804 (C:\EclipAlolproject\UserCrudeOpratio\UserCrudeOpratio\target\classes started by nexwa in C:\EclipAlolproject\UserCrudeOpratio\UserCrudeOpratio)
2023-03-02T12:13:09.039+05:30  INFO 21804 --- [main] c.e.demo.UserCrudeOpratioApplication     : No active profile set, falling back to 1 default profile: "default"
2023-03-02T12:13:09.502+05:30  INFO 21804 --- [main] .s.d.r.c.RepositoryConfigurationDelegate : Bootstrapping Spring Data MongoDB repositories in DEFAULT mode.
2023-03-02T12:13:09.545+05:30  INFO 21804 --- [main] .s.d.r.c.RepositoryConfigurationDelegate : Finished Spring Data repository scanning in 39 ms. Found 1 MongoDB repository interfaces.
2023-03-02T12:18:35.023+05:30  INFO 43896 --- [main] c.e.demo.UserCrudeOpratioApplication     : Starting UserCrudeOpratioApplication using Java 17.0.6 with PID 43896 (C:\EclipAlolproject\UserCrudeOpratio\UserCrudeOpratio\target\classes started by nexwa in C:\EclipAlolproject\UserCrudeOpratio\UserCrudeOpratio)
2023-03-02T12:18:35.025+05:30  INFO 43896 --- [main] c.e.demo.UserCrudeOpratioApplication     : No active profile set, falling back to 1 default profile: "default"
2023-03-02T12:18:35.502+05:30  INFO 43896 --- [main] .s.d.r.c.RepositoryConfigurationDelegate : Bootstrapping Spring Data MongoDB repositories in DEFAULT mode.
2023-03-02T12:18:35.553+05:30  INFO 43896 --- [main] .s.d.r.c.RepositoryConfigurationDelegate : Finished Spring Data repository scanning in 46 ms. Found 1 MongoDB repository interfaces.
